<?xml version="1.0" encoding="UTF-8"?>
<testsuite name="TestVideo" tests="1" skipped="0" failures="1" errors="0" timestamp="2020-12-10T15:18:39" hostname="DESKTOP-HF1TTVU" time="1.576">
  <properties/>
  <testcase name="testReadingFrames" classname="TestVideo" time="1.576">
    <failure message="java.lang.AssertionError: expected:&lt;Image (0000022F7E038AC0)&#10;  RTTI typeinfo:   class itk::Image&lt;unsigned short,2&gt;&#10;  Reference Count: 1&#10;  Modified Time: 1075&#10;  Debug: Off&#10;  Object Name: &#10;  Observers: &#10;    none&#10;  Source: (none)&#10;  Source output name: (none)&#10;  Release Data: Off&#10;  Data Released: False&#10;  Global Release Data: Off&#10;  PipelineMTime: 1065&#10;  UpdateMTime: 1074&#10;  RealTimeStamp: 0 seconds &#10;  LargestPossibleRegion: &#10;    Dimension: 2&#10;    Index: [0, 0]&#10;    Size: [1398, 1028]&#10;  BufferedRegion: &#10;    Dimension: 2&#10;    Index: [0, 0]&#10;    Size: [1398, 1028]&#10;  RequestedRegion: &#10;    Dimension: 2&#10;    Index: [0, 0]&#10;    Size: [1398, 1028]&#10;  Spacing: [1, 1]&#10;  Origin: [0, 0]&#10;  Direction: &#10;1 0&#10;0 1&#10;&#10;  IndexToPointMatrix: &#10;1 0&#10;0 1&#10;&#10;  PointToIndexMatrix: &#10;1 0&#10;0 1&#10;&#10;  Inverse Direction: &#10;1 0&#10;0 1&#10;&#10;  PixelContainer: &#10;    ImportImageContainer (0000022F7DCDDEF0)&#10;      RTTI typeinfo:   class itk::ImportImageContainer&lt;unsigned __int64,unsigned short&gt;&#10;      Reference Count: 1&#10;      Modified Time: 1071&#10;      Debug: Off&#10;      Object Name: &#10;      Observers: &#10;        none&#10;      Pointer: 0000022F7F1B4040&#10;      Container manages memory: true&#10;      Size: 1437144&#10;      Capacity: 1437144&#10;&gt; but was:&lt;Image (0000022F7E039E90)&#10;  RTTI typeinfo:   class itk::Image&lt;unsigned short,2&gt;&#10;  Reference Count: 1&#10;  Modified Time: 12075&#10;  Debug: Off&#10;  Object Name: &#10;  Observers: &#10;    none&#10;  Source: (none)&#10;  Source output name: (none)&#10;  Release Data: Off&#10;  Data Released: False&#10;  Global Release Data: Off&#10;  PipelineMTime: 12065&#10;  UpdateMTime: 12074&#10;  RealTimeStamp: 0 seconds &#10;  LargestPossibleRegion: &#10;    Dimension: 2&#10;    Index: [0, 0]&#10;    Size: [1398, 1028]&#10;  BufferedRegion: &#10;    Dimension: 2&#10;    Index: [0, 0]&#10;    Size: [1398, 1028]&#10;  RequestedRegion: &#10;    Dimension: 2&#10;    Index: [0, 0]&#10;    Size: [1398, 1028]&#10;  Spacing: [1, 1]&#10;  Origin: [0, 0]&#10;  Direction: &#10;1 0&#10;0 1&#10;&#10;  IndexToPointMatrix: &#10;1 0&#10;0 1&#10;&#10;  PointToIndexMatrix: &#10;1 0&#10;0 1&#10;&#10;  Inverse Direction: &#10;1 0&#10;0 1&#10;&#10;  PixelContainer: &#10;    ImportImageContainer (0000022F7E0746B0)&#10;      RTTI typeinfo:   class itk::ImportImageContainer&lt;unsigned __int64,unsigned short&gt;&#10;      Reference Count: 1&#10;      Modified Time: 12071&#10;      Debug: Off&#10;      Object Name: &#10;      Observers: &#10;        none&#10;      Pointer: 0000022F08EFD040&#10;      Container manages memory: true&#10;      Size: 1437144&#10;      Capacity: 1437144&#10;&gt;" type="java.lang.AssertionError">java.lang.AssertionError: expected:&lt;Image (0000022F7E038AC0)
  RTTI typeinfo:   class itk::Image&lt;unsigned short,2&gt;
  Reference Count: 1
  Modified Time: 1075
  Debug: Off
  Object Name: 
  Observers: 
    none
  Source: (none)
  Source output name: (none)
  Release Data: Off
  Data Released: False
  Global Release Data: Off
  PipelineMTime: 1065
  UpdateMTime: 1074
  RealTimeStamp: 0 seconds 
  LargestPossibleRegion: 
    Dimension: 2
    Index: [0, 0]
    Size: [1398, 1028]
  BufferedRegion: 
    Dimension: 2
    Index: [0, 0]
    Size: [1398, 1028]
  RequestedRegion: 
    Dimension: 2
    Index: [0, 0]
    Size: [1398, 1028]
  Spacing: [1, 1]
  Origin: [0, 0]
  Direction: 
1 0
0 1

  IndexToPointMatrix: 
1 0
0 1

  PointToIndexMatrix: 
1 0
0 1

  Inverse Direction: 
1 0
0 1

  PixelContainer: 
    ImportImageContainer (0000022F7DCDDEF0)
      RTTI typeinfo:   class itk::ImportImageContainer&lt;unsigned __int64,unsigned short&gt;
      Reference Count: 1
      Modified Time: 1071
      Debug: Off
      Object Name: 
      Observers: 
        none
      Pointer: 0000022F7F1B4040
      Container manages memory: true
      Size: 1437144
      Capacity: 1437144
&gt; but was:&lt;Image (0000022F7E039E90)
  RTTI typeinfo:   class itk::Image&lt;unsigned short,2&gt;
  Reference Count: 1
  Modified Time: 12075
  Debug: Off
  Object Name: 
  Observers: 
    none
  Source: (none)
  Source output name: (none)
  Release Data: Off
  Data Released: False
  Global Release Data: Off
  PipelineMTime: 12065
  UpdateMTime: 12074
  RealTimeStamp: 0 seconds 
  LargestPossibleRegion: 
    Dimension: 2
    Index: [0, 0]
    Size: [1398, 1028]
  BufferedRegion: 
    Dimension: 2
    Index: [0, 0]
    Size: [1398, 1028]
  RequestedRegion: 
    Dimension: 2
    Index: [0, 0]
    Size: [1398, 1028]
  Spacing: [1, 1]
  Origin: [0, 0]
  Direction: 
1 0
0 1

  IndexToPointMatrix: 
1 0
0 1

  PointToIndexMatrix: 
1 0
0 1

  Inverse Direction: 
1 0
0 1

  PixelContainer: 
    ImportImageContainer (0000022F7E0746B0)
      RTTI typeinfo:   class itk::ImportImageContainer&lt;unsigned __int64,unsigned short&gt;
      Reference Count: 1
      Modified Time: 12071
      Debug: Off
      Object Name: 
      Observers: 
        none
      Pointer: 0000022F08EFD040
      Container manages memory: true
      Size: 1437144
      Capacity: 1437144
&gt;
	at org.junit.Assert.fail(Assert.java:88)
	at org.junit.Assert.failNotEquals(Assert.java:834)
	at org.junit.Assert.assertEquals(Assert.java:118)
	at org.junit.Assert.assertEquals(Assert.java:144)
	at TestVideo.testReadingFrames(TestVideo.java:38)
	at java.base/jdk.internal.reflect.NativeMethodAccessorImpl.invoke0(Native Method)
	at java.base/jdk.internal.reflect.NativeMethodAccessorImpl.invoke(NativeMethodAccessorImpl.java:64)
	at java.base/jdk.internal.reflect.DelegatingMethodAccessorImpl.invoke(DelegatingMethodAccessorImpl.java:43)
	at java.base/java.lang.reflect.Method.invoke(Method.java:564)
	at org.junit.runners.model.FrameworkMethod$1.runReflectiveCall(FrameworkMethod.java:50)
	at org.junit.internal.runners.model.ReflectiveCallable.run(ReflectiveCallable.java:12)
	at org.junit.runners.model.FrameworkMethod.invokeExplosively(FrameworkMethod.java:47)
	at org.junit.internal.runners.statements.InvokeMethod.evaluate(InvokeMethod.java:17)
	at org.junit.runners.ParentRunner.runLeaf(ParentRunner.java:325)
	at org.junit.runners.BlockJUnit4ClassRunner.runChild(BlockJUnit4ClassRunner.java:78)
	at org.junit.runners.BlockJUnit4ClassRunner.runChild(BlockJUnit4ClassRunner.java:57)
	at org.junit.runners.ParentRunner$3.run(ParentRunner.java:290)
	at org.junit.runners.ParentRunner$1.schedule(ParentRunner.java:71)
	at org.junit.runners.ParentRunner.runChildren(ParentRunner.java:288)
	at org.junit.runners.ParentRunner.access$000(ParentRunner.java:58)
	at org.junit.runners.ParentRunner$2.evaluate(ParentRunner.java:268)
	at org.junit.runners.ParentRunner.run(ParentRunner.java:363)
	at org.gradle.api.internal.tasks.testing.junit.JUnitTestClassExecutor.runTestClass(JUnitTestClassExecutor.java:110)
	at org.gradle.api.internal.tasks.testing.junit.JUnitTestClassExecutor.execute(JUnitTestClassExecutor.java:58)
	at org.gradle.api.internal.tasks.testing.junit.JUnitTestClassExecutor.execute(JUnitTestClassExecutor.java:38)
	at org.gradle.api.internal.tasks.testing.junit.AbstractJUnitTestClassProcessor.processTestClass(AbstractJUnitTestClassProcessor.java:62)
	at org.gradle.api.internal.tasks.testing.SuiteTestClassProcessor.processTestClass(SuiteTestClassProcessor.java:51)
	at java.base/jdk.internal.reflect.NativeMethodAccessorImpl.invoke0(Native Method)
	at java.base/jdk.internal.reflect.NativeMethodAccessorImpl.invoke(NativeMethodAccessorImpl.java:64)
	at java.base/jdk.internal.reflect.DelegatingMethodAccessorImpl.invoke(DelegatingMethodAccessorImpl.java:43)
	at java.base/java.lang.reflect.Method.invoke(Method.java:564)
	at org.gradle.internal.dispatch.ReflectionDispatch.dispatch(ReflectionDispatch.java:36)
	at org.gradle.internal.dispatch.ReflectionDispatch.dispatch(ReflectionDispatch.java:24)
	at org.gradle.internal.dispatch.ContextClassLoaderDispatch.dispatch(ContextClassLoaderDispatch.java:33)
	at org.gradle.internal.dispatch.ProxyDispatchAdapter$DispatchingInvocationHandler.invoke(ProxyDispatchAdapter.java:94)
	at com.sun.proxy.$Proxy2.processTestClass(Unknown Source)
	at org.gradle.api.internal.tasks.testing.worker.TestWorker.processTestClass(TestWorker.java:119)
	at java.base/jdk.internal.reflect.NativeMethodAccessorImpl.invoke0(Native Method)
	at java.base/jdk.internal.reflect.NativeMethodAccessorImpl.invoke(NativeMethodAccessorImpl.java:64)
	at java.base/jdk.internal.reflect.DelegatingMethodAccessorImpl.invoke(DelegatingMethodAccessorImpl.java:43)
	at java.base/java.lang.reflect.Method.invoke(Method.java:564)
	at org.gradle.internal.dispatch.ReflectionDispatch.dispatch(ReflectionDispatch.java:36)
	at org.gradle.internal.dispatch.ReflectionDispatch.dispatch(ReflectionDispatch.java:24)
	at org.gradle.internal.remote.internal.hub.MessageHubBackedObjectConnection$DispatchWrapper.dispatch(MessageHubBackedObjectConnection.java:182)
	at org.gradle.internal.remote.internal.hub.MessageHubBackedObjectConnection$DispatchWrapper.dispatch(MessageHubBackedObjectConnection.java:164)
	at org.gradle.internal.remote.internal.hub.MessageHub$Handler.run(MessageHub.java:414)
	at org.gradle.internal.concurrent.ExecutorPolicy$CatchAndRecordFailures.onExecute(ExecutorPolicy.java:64)
	at org.gradle.internal.concurrent.ManagedExecutorImpl$1.run(ManagedExecutorImpl.java:48)
	at java.base/java.util.concurrent.ThreadPoolExecutor.runWorker(ThreadPoolExecutor.java:1130)
	at java.base/java.util.concurrent.ThreadPoolExecutor$Worker.run(ThreadPoolExecutor.java:630)
	at org.gradle.internal.concurrent.ThreadFactoryImpl$ManagedThreadRunnable.run(ThreadFactoryImpl.java:56)
	at java.base/java.lang.Thread.run(Thread.java:832)
</failure>
  </testcase>
  <system-out><![CDATA[C:\Users\olivi\OneDrive - Imperial College London\Year 3\Programming 3\Project\Image_treatment-\videos
]]></system-out>
  <system-err><![CDATA[]]></system-err>
</testsuite>
